


ARM Macro Assembler    Page 1 


    1 00000000         ; M. Akil, T. Grandpierre, R. Kachouri : département IT 
                       - ESIEE Paris -
    2 00000000         ; 01/2013 - Evalbot (Cortex M3 de Texas Instrument)
    3 00000000         ; programme - Pilotage 2 Moteurs Evalbot par PWM tout en
                        ASM (configure les pwms + GPIO)
    4 00000000         
    5 00000000         ;Les pages se réfèrent au datasheet lm3s9b92.pdf
    6 00000000         
    7 00000000         ;Cablage :
    8 00000000         ;pin 10/PD0/PWM0 => input PWM du pont en H DRV8801RT
    9 00000000         ;pin 11/PD1/PWM1 => input Phase_R  du pont en H DRV8801R
                       T
   10 00000000         ;pin 12/PD2   => input SlowDecay commune aux 2 ponts en 
                       H
   11 00000000         ;pin 98/PD5   => input Enable 12v du conv DC/DC 
   12 00000000         ;pin 86/PH0/PWM2 => input PWM du 2nd pont en H
   13 00000000         ;pin 85/PH1/PWM3 => input Phase du 2nd pont en H 
   14 00000000         
   15 00000000         ;; Hexa corresponding values to pin numbers
   16 00000000 00000001 
                       GPIO_0  EQU              0x1
   17 00000000 00000002 
                       GPIO_1  EQU              0x2
   18 00000000 00000004 
                       GPIO_2  EQU              0x4
   19 00000000 00000020 
                       GPIO_5  EQU              0x20
   20 00000000         
   21 00000000         ;; pour enable clock    0x400FE000
   22 00000000 400FE100 
                       SYSCTL_RCGC0
                               EQU              0x400FE100  ;SYSCTL_RCGC0: offs
                                                            et 0x100 (p271 data
                                                            sheet de lm3s9b92.p
                                                            df)
   23 00000000 400FE108 
                       SYSCTL_RCGC2
                               EQU              0x400FE108  ;SYSCTL_RCGC2: offs
                                                            et 0x108 (p291 data
                                                            sheet de lm3s9b92.p
                                                            df)
   24 00000000         
   25 00000000         ;; General-Purpose Input/Outputs (GPIO) configuration
   26 00000000 40007000 
                       PORTD_BASE
                               EQU              0x40007000
   27 00000000 40007000 
                       GPIODATA_D
                               EQU              PORTD_BASE
   28 00000000 40007400 
                       GPIODIR_D
                               EQU              PORTD_BASE+0x00000400
   29 00000000 40007500 
                       GPIODR2R_D
                               EQU              PORTD_BASE+0x00000500
   30 00000000 4000751C 
                       GPIODEN_D
                               EQU              PORTD_BASE+0x0000051C
   31 00000000 4000752C 



ARM Macro Assembler    Page 2 


                       GPIOPCTL_D
                               EQU              PORTD_BASE+0x0000052C ; GPIO Po
                                                            rt Control (GPIOPCT
                                                            L), offset 0x52C; p
                                                            444
   32 00000000 40007420 
                       GPIOAFSEL_D
                               EQU              PORTD_BASE+0x00000420 ; GPIO Al
                                                            ternate Function Se
                                                            lect (GPIOAFSEL), o
                                                            ffset 0x420; p426
   33 00000000         
   34 00000000 40027000 
                       PORTH_BASE
                               EQU              0x40027000
   35 00000000 40027000 
                       GPIODATA_H
                               EQU              PORTH_BASE
   36 00000000 40027400 
                       GPIODIR_H
                               EQU              PORTH_BASE+0x00000400
   37 00000000 40027500 
                       GPIODR2R_H
                               EQU              PORTH_BASE+0x00000500
   38 00000000 4002751C 
                       GPIODEN_H
                               EQU              PORTH_BASE+0x0000051C
   39 00000000 4002752C 
                       GPIOPCTL_H
                               EQU              PORTH_BASE+0x0000052C ; GPIO Po
                                                            rt Control (GPIOPCT
                                                            L), offset 0x52C; p
                                                            444
   40 00000000 40027420 
                       GPIOAFSEL_H
                               EQU              PORTH_BASE+0x00000420 ; GPIO Al
                                                            ternate Function Se
                                                            lect (GPIOAFSEL), o
                                                            ffset 0x420; p426
   41 00000000         
   42 00000000         ;; Pulse Width Modulator (PWM) configuration
   43 00000000 40028000 
                       PWM_BASE
                               EQU              0x040028000 ;BASE des Block PWM
                                                             p.1138
   44 00000000 40028008 
                       PWMENABLE
                               EQU              PWM_BASE+0x008 ; p1145
   45 00000000         
   46 00000000         ;Block PWM0 pour sorties PWM0 et PWM1 (moteur 1)
   47 00000000 40028040 
                       PWM0CTL EQU              PWM_BASE+0x040 ;p1167
   48 00000000 40028050 
                       PWM0LOAD
                               EQU              PWM_BASE+0x050
   49 00000000 40028058 
                       PWM0CMPA
                               EQU              PWM_BASE+0x058
   50 00000000 4002805C 



ARM Macro Assembler    Page 3 


                       PWM0CMPB
                               EQU              PWM_BASE+0x05C
   51 00000000 40028060 
                       PWM0GENA
                               EQU              PWM_BASE+0x060
   52 00000000 40028064 
                       PWM0GENB
                               EQU              PWM_BASE+0x064
   53 00000000         
   54 00000000         ;Block PWM1 pour sorties PWM1 et PWM2 (moteur 2)
   55 00000000 40028080 
                       PWM1CTL EQU              PWM_BASE+0x080
   56 00000000 40028090 
                       PWM1LOAD
                               EQU              PWM_BASE+0x090
   57 00000000 40028098 
                       PWM1CMPA
                               EQU              PWM_BASE+0x098
   58 00000000 4002809C 
                       PWM1CMPB
                               EQU              PWM_BASE+0x09C
   59 00000000 400280A0 
                       PWM1GENA
                               EQU              PWM_BASE+0x0A0
   60 00000000 400280A4 
                       PWM1GENB
                               EQU              PWM_BASE+0x0A4
   61 00000000         
   62 00000000         
   63 00000000 00000172 
                       VITESSE EQU              0x172       ; Valeures plus pet
                                                            ites => Vitesse plu
                                                            s rapide exemple 0x
                                                            192
   64 00000000         ; Valeures plus grandes => Vitesse moins rapide exemple 
                       0x1B2
   65 00000000         
   66 00000000         
   67 00000000                 AREA             |.text|, CODE, READONLY
   68 00000000                 ENTRY
   69 00000000         
   70 00000000         ;; The EXPORT command specifies that a symbol can be acc
                       essed by other shared objects or executables.
   71 00000000                 EXPORT           MOTEUR_INIT
   72 00000000                 EXPORT           MOTEUR_DROIT_ON
   73 00000000                 EXPORT           MOTEUR_DROIT_OFF
   74 00000000                 EXPORT           MOTEUR_DROIT_AVANT
   75 00000000                 EXPORT           MOTEUR_DROIT_ARRIERE
   76 00000000                 EXPORT           MOTEUR_DROIT_INVERSE
   77 00000000                 EXPORT           MOTEUR_GAUCHE_ON
   78 00000000                 EXPORT           MOTEUR_GAUCHE_OFF
   79 00000000                 EXPORT           MOTEUR_GAUCHE_AVANT
   80 00000000                 EXPORT           MOTEUR_GAUCHE_ARRIERE
   81 00000000                 EXPORT           MOTEUR_GAUCHE_INVERSE
   82 00000000                 EXPORT           VITESSE
   83 00000000         
   84 00000000         
   85 00000000         MOTEUR_INIT
   86 00000000 4E5B            ldr              r6, = SYSCTL_RCGC0



ARM Macro Assembler    Page 4 


   87 00000002 6830            ldr              r0, [R6]
   88 00000004 F440 1080       ORR              r0, r0, #0x00100000 ;;bit 20 = 
                                                            PWM recoit clock: O
                                                            N (p271) 
   89 00000008 6030            str              r0, [r6]
   90 0000000A         
   91 0000000A         ;ROM_SysCtlPWMClockSet(SYSCTL_PWMDIV_1);PWM clock is pro
                       cessor clock /1
   92 0000000A         ;Je ne fais rien car par defaut = OK!!
   93 0000000A         ;*(int *) (0x400FE060)= *(int *)(0x400FE060)...;
   94 0000000A         
   95 0000000A         ;RCGC2 :  Enable port D GPIO(p291 ) car Moteur Droit sur
                        port D 
   96 0000000A 4E5A            ldr              r6, = SYSCTL_RCGC2
   97 0000000C 6830            ldr              r0, [R6]
   98 0000000E F040 0008       ORR              r0, r0, #0x08 ;; Enable port D 
                                                            GPIO 
   99 00000012 6030            str              r0, [r6]
  100 00000014         
  101 00000014         ;MOT2 : RCGC2 :  Enable port H GPIO  (2eme moteurs)
  102 00000014 4E57            ldr              r6, = SYSCTL_RCGC2
  103 00000016 6830            ldr              r0, [R6]
  104 00000018 F040 0080       ORR              r0, r0, #0x80 ;; Enable port H 
                                                            GPIO 
  105 0000001C 6030            str              r0, [r6]
  106 0000001E         
  107 0000001E BF00            nop
  108 00000020 BF00            nop
  109 00000022 BF00            nop
  110 00000024         
  111 00000024         ;;Pin muxing pour PWM, port D, reg. GPIOPCTL(p444), 4bit
                       s de PCM0=0001<=>PWM (voir p1261)
  112 00000024         ;;il faut mettre 1 pour avoir PD0=PWM0 et PD1=PWM1
  113 00000024 4E54            ldr              r6, = GPIOPCTL_D
  114 00000026         ;ldr r0, [R6]   ;; *(int *)(0x40007000+0x0000052C)=1;
  115 00000026         ;ORR r0, r0, #0x01 ;; Port D, pin 1 = PWM 
  116 00000026 F04F 0001       mov              r0, #0x01
  117 0000002A 6030            str              r0, [r6]
  118 0000002C         
  119 0000002C         ;;MOT2 : Pin muxing pour PWM, port H, reg. GPIOPCTL(p444
                       ), 4bits de PCM0=0001<=>PWM (voir p1261)
  120 0000002C         ;;il faut mettre mux = 2 pour avoir PH0=PWM2 et PH1=PWM3
                       
  121 0000002C 4E53            ldr              r6, = GPIOPCTL_H
  122 0000002E F04F 0002       mov              r0, #0x02
  123 00000032 6030            str              r0, [r6]
  124 00000034         
  125 00000034         ;;Alternate Function Select (p 426), PD0 utilise alernat
                       e fonction (PWM au dessus)
  126 00000034         ;;donc PD0 = 1
  127 00000034 4E52            ldr              r6, = GPIOAFSEL_D
  128 00000036 6830            ldr              r0, [R6]    ;*(int *)(0x4000700
                                                            0+0x00000420)= *(in
                                                            t *)(0x40007000+0x0
                                                            0000420) | 0x000000
                                                            01;
  129 00000038 F040 0001       ORR              r0, r0, #0x01 ;
  130 0000003C 6030            str              r0, [r6]
  131 0000003E         



ARM Macro Assembler    Page 5 


  132 0000003E         ;;MOT2 : Alternate Function Select (p 426), PH0 utilise 
                       PWM donc Alternate funct
  133 0000003E         ;;donc PH0 = 1
  134 0000003E 4E51            ldr              r6, = GPIOAFSEL_H
  135 00000040 6830            ldr              r0, [R6]    ;*(int *)(0x4000700
                                                            0+0x00000420)= *(in
                                                            t *)(0x40007000+0x0
                                                            0000420) | 0x000000
                                                            01;
  136 00000042 F040 0001       ORR              r0, r0, #0x01 ;
  137 00000046 6030            str              r0, [r6]
  138 00000048         
  139 00000048         ;;-----------PWM0 pour moteur 1 connecté à PD0
  140 00000048         ;;PWM0 produit PWM0 et PWM1 output
  141 00000048         ;;Config Modes PWM0 + mode GenA + mode GenB
  142 00000048 4E4F            ldr              r6, = PWM0CTL
  143 0000004A F04F 0002       mov              r0, #2      ;Mode up-down-up-do
                                                            wn, pas synchro
  144 0000004E 6030            str              r0, [r6]
  145 00000050         
  146 00000050 4E4E            ldr              r6, =PWM0GENA ;en decomptage, q
                                                            d comparateurA = co
                                                            mpteur => sortie pw
                                                            mA=0
  147 00000052         ;en comptage croissant, qd comparateurA = compteur => so
                       rtie pwmA=1
  148 00000052 F04F 00B0       mov              r0, #0x0B0  ;0B0=10110000 => AC
                                                            TCMPBD=00 (B down:r
                                                            ien), ACTCMPBU=00(B
                                                             up rien)
  149 00000056 6030            str              r0, [r6]    ;ACTCMPAD=10 (A dow
                                                            n:pwmA low), ACTCMP
                                                            AU=11 (A up:pwmA hi
                                                            gh) , ACTLOAD=00,AC
                                                            TZERO=00  
  150 00000058         
  151 00000058 4E4D            ldr              r6, =PWM0GENB ;en comptage croi
                                                            ssant, qd comparate
                                                            urB = compteur => s
                                                            ortie pwmA=1
  152 0000005A F44F 6030       mov              r0, #0x0B00 ;en decomptage, qd 
                                                            comparateurB = comp
                                                            teur => sortie pwmB
                                                            =0
  153 0000005E 6030            str              r0, [r6]
  154 00000060         ;Config Compteur, comparateur A et comparateur B
  155 00000060         ;;#define PWM_PERIOD (ROM_SysCtlClockGet() / 16000),
  156 00000060         ;;en mesure : SysCtlClockGet=0F42400h, /16=0x3E8, 
  157 00000060         ;;on divise par 2 car moteur 6v sur alim 12v
  158 00000060 4E4C            ldr              r6, =PWM0LOAD ;PWM0LOAD=periode
                                                            /2 =0x1F4
  159 00000062 F44F 70FA       mov              r0, #0x1F4
  160 00000066 6030            str              r0,[r6]
  161 00000068         
  162 00000068 4E4B            ldr              r6, =PWM0CMPA ;Valeur rapport c
                                                            yclique : pour 10% 
                                                            => 1C2h si clock = 
                                                            0F42400
  163 0000006A 4658            mov              r0, r11



ARM Macro Assembler    Page 6 


  164 0000006C 6030            str              r0, [r6]
  165 0000006E         
  166 0000006E 4E4B            ldr              r6, =PWM0CMPB ;PWM0CMPB recoit 
                                                            meme valeur. (rappo
                                                            rt cyclique depend 
                                                            de CMPA)
  167 00000070 F44F 70FA       mov              r0, #0x1F4
  168 00000074 6030            str              r0, [r6]
  169 00000076         
  170 00000076         ;Control PWM : active PWM Generator 0 (p1167): Enable+up
                       /down + Enable counter debug mod
  171 00000076 4E44            ldr              r6, =PWM0CTL
  172 00000078 6830            ldr              r0, [r6]
  173 0000007A F040 0007       ORR              r0, r0, #0x07
  174 0000007E 6030            str              r0, [r6]
  175 00000080         
  176 00000080         ;;-----------PWM2 pour moteur 2 connecté à PH0
  177 00000080         ;;PWM1block produit PWM2 et PWM3 output
  178 00000080         ;;Config Modes PWM2 + mode GenA + mode GenB
  179 00000080 4E47            ldr              r6, = PWM1CTL
  180 00000082 F04F 0002       mov              r0, #2      ;Mode up-down-up-do
                                                            wn, pas synchro
  181 00000086 6030            str              r0, [r6]    ;*(int *)(0x4002800
                                                            0+0x040)=2;
  182 00000088         
  183 00000088 4E46            ldr              r6, =PWM1GENA ;en decomptage, q
                                                            d comparateurA = co
                                                            mpteur => sortie pw
                                                            mA=0
  184 0000008A         ;en comptage croissant, qd comparateurA = compteur => so
                       rtie pwmA=1
  185 0000008A F04F 00B0       mov              r0, #0x0B0  ;0B0=10110000 => AC
                                                            TCMPBD=00 (B down:r
                                                            ien), ACTCMPBU=00(B
                                                             up rien)
  186 0000008E 6030            str              r0, [r6]    ;ACTCMPAD=10 (A dow
                                                            n:pwmA low), ACTCMP
                                                            AU=11 (A up:pwmA hi
                                                            gh) , ACTLOAD=00,AC
                                                            TZERO=00  
  187 00000090         
  188 00000090         ;*(int *)(0x40028000+0x060)=0x0B0; //
  189 00000090 4E45            ldr              r6, =PWM1GENB ;*(int *)(0x40028
                                                            000+0x064)=0x0B00;
  190 00000092 F44F 6030       mov              r0, #0x0B00 ;en decomptage, qd 
                                                            comparateurB = comp
                                                            teur => sortie pwmB
                                                            =0
  191 00000096 6030            str              r0, [r6]    ;en comptage croiss
                                                            ant, qd comparateur
                                                            B = compteur => sor
                                                            tie pwmA=1
  192 00000098         ;Config Compteur, comparateur A et comparateur B
  193 00000098         ;;#define PWM_PERIOD (ROM_SysCtlClockGet() / 16000),
  194 00000098         ;;en mesure : SysCtlClockGet=0F42400h, /16=0x3E8, 
  195 00000098         ;;on divise par 2 car moteur 6v sur alim 12v
  196 00000098         ;*(int *)(0x40028000+0x050)=0x1F4; //PWM0LOAD=periode/2 
                       =0x1F4
  197 00000098 4E44            ldr              r6, =PWM1LOAD



ARM Macro Assembler    Page 7 


  198 0000009A F44F 70FA       mov              r0, #0x1F4
  199 0000009E 6030            str              r0,[r6]
  200 000000A0         
  201 000000A0 4E43            ldr              r6, =PWM1CMPA ;Valeur rapport c
                                                            yclique : pour 10% 
                                                            => 1C2h si clock = 
                                                            0F42400
  202 000000A2 4658            mov              r0, r11
  203 000000A4 6030            str              r0, [r6]    ;*(int *)(0x4002800
                                                            0+0x058)=0x01C2;
  204 000000A6         
  205 000000A6 4E43            ldr              r6, =PWM1CMPB ;PWM0CMPB recoit 
                                                            meme valeur. (CMPA 
                                                            depend du rapport c
                                                            yclique)
  206 000000A8 F44F 70FA       mov              r0, #0x1F4  ; *(int *)(0x400280
                                                            00+0x05C)=0x1F4; 
  207 000000AC 6030            str              r0, [r6]
  208 000000AE         
  209 000000AE         ;Control PWM : active PWM Generator 0 (p1167): Enable+up
                       /down + Enable counter debug mod
  210 000000AE 4E3C            ldr              r6, =PWM1CTL
  211 000000B0 6830            ldr              r0, [r6]    ;*(int *) (0x400280
                                                            00+0x40)= *(int *)(
                                                            0x40028000+0x40) | 
                                                            0x07;
  212 000000B2 F040 0007       ORR              r0, r0, #0x07
  213 000000B6 6030            str              r0, [r6]
  214 000000B8         
  215 000000B8         ;;-----Fin config des PWMs   
  216 000000B8         
  217 000000B8         ;PORT D OUTPUT pin0 (pwm)=pin1(direction)=pin2(slow deca
                       y)=pin5(12v enable)
  218 000000B8 4E3F            ldr              r6, =GPIODIR_D
  219 000000BA 6830            ldr              r0, [r6]
  220 000000BC F040 0027       ORR              r0, #(GPIO_0+GPIO_1+GPIO_2+GPIO
_5)
  221 000000C0 6030            str              r0,[r6]
  222 000000C2         ;Port D, 2mA les meme
  223 000000C2 4E3E            ldr              r6, =GPIODR2R_D ; 
  224 000000C4 6830            ldr              r0, [r6]
  225 000000C6 F040 0027       ORR              r0, #(GPIO_0+GPIO_1+GPIO_2+GPIO
_5)
  226 000000CA 6030            str              r0,[r6]
  227 000000CC         ;Port D, Digital Enable
  228 000000CC 4E3C            ldr              r6, =GPIODEN_D ;
  229 000000CE 6830            ldr              r0, [r6]
  230 000000D0 F040 0027       ORR              r0, #(GPIO_0+GPIO_1+GPIO_2+GPIO
_5)
  231 000000D4 6030            str              r0,[r6]
  232 000000D6         ;Port D : mise à 1 de slow Decay et 12V et mise à 0 pour
                        dir et pwm
  233 000000D6 4E3B            ldr              r6, =(GPIODATA_D+((GPIO_0+GPIO_
1+GPIO_2+GPIO_5)<<2))
  234 000000D8 F04F 0024       mov              r0, #(GPIO_2+GPIO_5) ; #0x24
  235 000000DC 6030            str              r0,[r6]
  236 000000DE         
  237 000000DE         ;MOT2, PH1 pour sens moteur ouput
  238 000000DE 4E3A            ldr              r6, =GPIODIR_H



ARM Macro Assembler    Page 8 


  239 000000E0 F04F 0003       mov              r0, #0x03   ; 
  240 000000E4 6030            str              r0,[r6]
  241 000000E6         ;Port H, 2mA les meme
  242 000000E6 4E39            ldr              r6, =GPIODR2R_H
  243 000000E8 F04F 0003       mov              r0, #0x03
  244 000000EC 6030            str              r0,[r6]
  245 000000EE         ;Port H, Digital Enable
  246 000000EE 4E38            ldr              r6, =GPIODEN_H
  247 000000F0 F04F 0003       mov              r0, #0x03
  248 000000F4 6030            str              r0,[r6]
  249 000000F6         ;Port H : mise à 1 pour dir 
  250 000000F6 4E37            ldr              r6, =(GPIODATA_H +(GPIO_1<<2))
  251 000000F8 F04F 0002       mov              r0, #0x02
  252 000000FC 6030            str              r0,[r6]
  253 000000FE         
  254 000000FE 4770            BX               LR          ; FIN du sous progr
                                                            amme d'init.
  255 00000100         
  256 00000100         ;Enable PWM0 (bit 0) et PWM2 (bit 2) p1145 
  257 00000100         ;Attention ici c'est les sorties PWM0 et PWM2
  258 00000100         ;qu'on controle, pas les blocks PWM0 et PWM1!!!
  259 00000100         MOTEUR_DROIT_ON
  260 00000100         ;Enable sortie PWM0 (bit 0), p1145 
  261 00000100 4E35            ldr              r6, =PWMENABLE
  262 00000102 6830            ldr              r0, [r6]
  263 00000104 F040 0001       orr              r0, #0x01   ;bit 0 à 1
  264 00000108 6030            str              r0, [r6]
  265 0000010A 4770            BX               LR
  266 0000010C         
  267 0000010C         MOTEUR_DROIT_OFF
  268 0000010C 4E32            ldr              r6, =PWMENABLE
  269 0000010E 6830            ldr              r0, [r6]
  270 00000110 F000 000E       and              r0, #0x0E   ;bit 0 à 0
  271 00000114 6030            str              r0, [r6]
  272 00000116 4770            BX               LR
  273 00000118         
  274 00000118         MOTEUR_GAUCHE_ON
  275 00000118 4E2F            ldr              r6, =PWMENABLE
  276 0000011A 6830            ldr              r0, [r6]
  277 0000011C F040 0004       orr              r0, #0x04   ;bit 2 à 1
  278 00000120 6030            str              r0, [r6]
  279 00000122 4770            BX               LR
  280 00000124         
  281 00000124         MOTEUR_GAUCHE_OFF
  282 00000124 4E2C            ldr              r6, =PWMENABLE
  283 00000126 6830            ldr              r0, [r6]
  284 00000128 F000 000B       and              r0, #0x0B   ;bit 2 à 0
  285 0000012C 6030            str              r0, [r6]
  286 0000012E 4770            BX               LR
  287 00000130         
  288 00000130         MOTEUR_DROIT_ARRIERE
  289 00000130         ;Inverse Direction (GPIO_D1)
  290 00000130 4E2A            ldr              r6, =(GPIODATA_D+(GPIO_1<<2))
  291 00000132 F04F 0000       mov              r0, #0
  292 00000136 6030            str              r0,[r6]
  293 00000138 4770            BX               LR
  294 0000013A         
  295 0000013A         MOTEUR_DROIT_AVANT
  296 0000013A         ;Inverse Direction (GPIO_D1)



ARM Macro Assembler    Page 9 


  297 0000013A 4E28            ldr              r6, =(GPIODATA_D+(GPIO_1<<2))
  298 0000013C F04F 0002       mov              r0, #2
  299 00000140 6030            str              r0,[r6]
  300 00000142 4770            BX               LR
  301 00000144         
  302 00000144         MOTEUR_GAUCHE_ARRIERE
  303 00000144         ;Inverse Direction (GPIO_D1)
  304 00000144 4E23            ldr              r6, =(GPIODATA_H+(GPIO_1<<2))
  305 00000146 F04F 0002       mov              r0, #2      ; contraire du mote
                                                            ur Droit
  306 0000014A 6030            str              r0,[r6]
  307 0000014C 4770            BX               LR
  308 0000014E         
  309 0000014E         MOTEUR_GAUCHE_AVANT
  310 0000014E         ;Inverse Direction (GPIO_D1)
  311 0000014E 4E21            ldr              r6, =(GPIODATA_H+(GPIO_1<<2))
  312 00000150 F04F 0000       mov              r0, #0
  313 00000154 6030            str              r0,[r6]
  314 00000156 4770            BX               LR
  315 00000158         
  316 00000158         MOTEUR_DROIT_INVERSE
  317 00000158         ;Inverse Direction (GPIO_D1)
  318 00000158 4E20            ldr              r6, =(GPIODATA_D+(GPIO_1<<2))
  319 0000015A 6831            ldr              r1, [r6]
  320 0000015C F081 0002       EOR              r0, r1, #GPIO_1
  321 00000160 6030            str              r0,[r6]
  322 00000162 4770            BX               LR
  323 00000164         
  324 00000164         MOTEUR_GAUCHE_INVERSE
  325 00000164         ;Inverse Direction (GPIO_D1)
  326 00000164 4E1B            ldr              r6, =(GPIODATA_H+(GPIO_1<<2))
  327 00000166 6831            ldr              r1, [r6]
  328 00000168 F081 0002       EOR              r0, r1, #GPIO_1
  329 0000016C 6030            str              r0,[r6]
  330 0000016E 4770            BX               LR
  331 00000170         
  332 00000170                 END
              400FE100 
              400FE108 
              4000752C 
              4002752C 
              40007420 
              40027420 
              40028040 
              40028060 
              40028064 
              40028050 
              40028058 
              4002805C 
              40028080 
              400280A0 
              400280A4 
              40028090 
              40028098 
              4002809C 
              40007400 
              40007500 
              4000751C 
              4000709C 



ARM Macro Assembler    Page 10 


              40027400 
              40027500 
              4002751C 
              40027008 
              40028008 
              40007008 
Command Line: --debug --xref --diag_suppress=9931 --cpu=Cortex-M3 --apcs=interw
ork --depend=.\rk_moteur.d -o.\rk_moteur.o -I.\RTE\_Target_1 -IC:\Keil_v5\ARM\P
ACK\ARM\CMSIS\5.3.0\CMSIS\Include -IC:\Keil_v5\ARM\PACK\Keil\LM3S_DFP\1.1.0\Dev
ice\Include --predefine="__EVAL SETA 1" --predefine="__MICROLIB SETA 1" --prede
fine="__UVISION_VERSION SETA 524" --predefine="_RTE_ SETA 1" --predefine="LM3S1
968 SETA 1" --list=.\rk_moteur.lst RK_Moteur.s



ARM Macro Assembler    Page 1 Alphabetic symbol ordering
Relocatable symbols

.text 00000000

Symbol: .text
   Definitions
      At line 67 in file RK_Moteur.s
   Uses
      None
Comment: .text unused
MOTEUR_DROIT_ARRIERE 00000130

Symbol: MOTEUR_DROIT_ARRIERE
   Definitions
      At line 288 in file RK_Moteur.s
   Uses
      At line 75 in file RK_Moteur.s
Comment: MOTEUR_DROIT_ARRIERE used once
MOTEUR_DROIT_AVANT 0000013A

Symbol: MOTEUR_DROIT_AVANT
   Definitions
      At line 295 in file RK_Moteur.s
   Uses
      At line 74 in file RK_Moteur.s
Comment: MOTEUR_DROIT_AVANT used once
MOTEUR_DROIT_INVERSE 00000158

Symbol: MOTEUR_DROIT_INVERSE
   Definitions
      At line 316 in file RK_Moteur.s
   Uses
      At line 76 in file RK_Moteur.s
Comment: MOTEUR_DROIT_INVERSE used once
MOTEUR_DROIT_OFF 0000010C

Symbol: MOTEUR_DROIT_OFF
   Definitions
      At line 267 in file RK_Moteur.s
   Uses
      At line 73 in file RK_Moteur.s
Comment: MOTEUR_DROIT_OFF used once
MOTEUR_DROIT_ON 00000100

Symbol: MOTEUR_DROIT_ON
   Definitions
      At line 259 in file RK_Moteur.s
   Uses
      At line 72 in file RK_Moteur.s
Comment: MOTEUR_DROIT_ON used once
MOTEUR_GAUCHE_ARRIERE 00000144

Symbol: MOTEUR_GAUCHE_ARRIERE
   Definitions
      At line 302 in file RK_Moteur.s
   Uses
      At line 80 in file RK_Moteur.s
Comment: MOTEUR_GAUCHE_ARRIERE used once
MOTEUR_GAUCHE_AVANT 0000014E

Symbol: MOTEUR_GAUCHE_AVANT



ARM Macro Assembler    Page 2 Alphabetic symbol ordering
Relocatable symbols

   Definitions
      At line 309 in file RK_Moteur.s
   Uses
      At line 79 in file RK_Moteur.s
Comment: MOTEUR_GAUCHE_AVANT used once
MOTEUR_GAUCHE_INVERSE 00000164

Symbol: MOTEUR_GAUCHE_INVERSE
   Definitions
      At line 324 in file RK_Moteur.s
   Uses
      At line 81 in file RK_Moteur.s
Comment: MOTEUR_GAUCHE_INVERSE used once
MOTEUR_GAUCHE_OFF 00000124

Symbol: MOTEUR_GAUCHE_OFF
   Definitions
      At line 281 in file RK_Moteur.s
   Uses
      At line 78 in file RK_Moteur.s
Comment: MOTEUR_GAUCHE_OFF used once
MOTEUR_GAUCHE_ON 00000118

Symbol: MOTEUR_GAUCHE_ON
   Definitions
      At line 274 in file RK_Moteur.s
   Uses
      At line 77 in file RK_Moteur.s
Comment: MOTEUR_GAUCHE_ON used once
MOTEUR_INIT 00000000

Symbol: MOTEUR_INIT
   Definitions
      At line 85 in file RK_Moteur.s
   Uses
      At line 71 in file RK_Moteur.s
Comment: MOTEUR_INIT used once
12 symbols



ARM Macro Assembler    Page 1 Alphabetic symbol ordering
Absolute symbols

GPIOAFSEL_D 40007420

Symbol: GPIOAFSEL_D
   Definitions
      At line 32 in file RK_Moteur.s
   Uses
      At line 127 in file RK_Moteur.s
Comment: GPIOAFSEL_D used once
GPIOAFSEL_H 40027420

Symbol: GPIOAFSEL_H
   Definitions
      At line 40 in file RK_Moteur.s
   Uses
      At line 134 in file RK_Moteur.s
Comment: GPIOAFSEL_H used once
GPIODATA_D 40007000

Symbol: GPIODATA_D
   Definitions
      At line 27 in file RK_Moteur.s
   Uses
      At line 233 in file RK_Moteur.s
      At line 290 in file RK_Moteur.s
      At line 297 in file RK_Moteur.s
      At line 318 in file RK_Moteur.s

GPIODATA_H 40027000

Symbol: GPIODATA_H
   Definitions
      At line 35 in file RK_Moteur.s
   Uses
      At line 250 in file RK_Moteur.s
      At line 304 in file RK_Moteur.s
      At line 311 in file RK_Moteur.s
      At line 326 in file RK_Moteur.s

GPIODEN_D 4000751C

Symbol: GPIODEN_D
   Definitions
      At line 30 in file RK_Moteur.s
   Uses
      At line 228 in file RK_Moteur.s
Comment: GPIODEN_D used once
GPIODEN_H 4002751C

Symbol: GPIODEN_H
   Definitions
      At line 38 in file RK_Moteur.s
   Uses
      At line 246 in file RK_Moteur.s
Comment: GPIODEN_H used once
GPIODIR_D 40007400

Symbol: GPIODIR_D
   Definitions
      At line 28 in file RK_Moteur.s



ARM Macro Assembler    Page 2 Alphabetic symbol ordering
Absolute symbols

   Uses
      At line 218 in file RK_Moteur.s
Comment: GPIODIR_D used once
GPIODIR_H 40027400

Symbol: GPIODIR_H
   Definitions
      At line 36 in file RK_Moteur.s
   Uses
      At line 238 in file RK_Moteur.s
Comment: GPIODIR_H used once
GPIODR2R_D 40007500

Symbol: GPIODR2R_D
   Definitions
      At line 29 in file RK_Moteur.s
   Uses
      At line 223 in file RK_Moteur.s
Comment: GPIODR2R_D used once
GPIODR2R_H 40027500

Symbol: GPIODR2R_H
   Definitions
      At line 37 in file RK_Moteur.s
   Uses
      At line 242 in file RK_Moteur.s
Comment: GPIODR2R_H used once
GPIOPCTL_D 4000752C

Symbol: GPIOPCTL_D
   Definitions
      At line 31 in file RK_Moteur.s
   Uses
      At line 113 in file RK_Moteur.s
Comment: GPIOPCTL_D used once
GPIOPCTL_H 4002752C

Symbol: GPIOPCTL_H
   Definitions
      At line 39 in file RK_Moteur.s
   Uses
      At line 121 in file RK_Moteur.s
Comment: GPIOPCTL_H used once
GPIO_0 00000001

Symbol: GPIO_0
   Definitions
      At line 16 in file RK_Moteur.s
   Uses
      At line 220 in file RK_Moteur.s
      At line 225 in file RK_Moteur.s
      At line 230 in file RK_Moteur.s
      At line 233 in file RK_Moteur.s

GPIO_1 00000002

Symbol: GPIO_1
   Definitions
      At line 17 in file RK_Moteur.s



ARM Macro Assembler    Page 3 Alphabetic symbol ordering
Absolute symbols

   Uses
      At line 220 in file RK_Moteur.s
      At line 225 in file RK_Moteur.s
      At line 230 in file RK_Moteur.s
      At line 233 in file RK_Moteur.s
      At line 250 in file RK_Moteur.s
      At line 290 in file RK_Moteur.s
      At line 297 in file RK_Moteur.s
      At line 304 in file RK_Moteur.s
      At line 311 in file RK_Moteur.s
      At line 318 in file RK_Moteur.s
      At line 320 in file RK_Moteur.s
      At line 326 in file RK_Moteur.s
      At line 328 in file RK_Moteur.s

GPIO_2 00000004

Symbol: GPIO_2
   Definitions
      At line 18 in file RK_Moteur.s
   Uses
      At line 220 in file RK_Moteur.s
      At line 225 in file RK_Moteur.s
      At line 230 in file RK_Moteur.s
      At line 233 in file RK_Moteur.s
      At line 234 in file RK_Moteur.s

GPIO_5 00000020

Symbol: GPIO_5
   Definitions
      At line 19 in file RK_Moteur.s
   Uses
      At line 220 in file RK_Moteur.s
      At line 225 in file RK_Moteur.s
      At line 230 in file RK_Moteur.s
      At line 233 in file RK_Moteur.s
      At line 234 in file RK_Moteur.s

PORTD_BASE 40007000

Symbol: PORTD_BASE
   Definitions
      At line 26 in file RK_Moteur.s
   Uses
      At line 27 in file RK_Moteur.s
      At line 28 in file RK_Moteur.s
      At line 29 in file RK_Moteur.s
      At line 30 in file RK_Moteur.s
      At line 31 in file RK_Moteur.s
      At line 32 in file RK_Moteur.s

PORTH_BASE 40027000

Symbol: PORTH_BASE
   Definitions
      At line 34 in file RK_Moteur.s
   Uses
      At line 35 in file RK_Moteur.s



ARM Macro Assembler    Page 4 Alphabetic symbol ordering
Absolute symbols

      At line 36 in file RK_Moteur.s
      At line 37 in file RK_Moteur.s
      At line 38 in file RK_Moteur.s
      At line 39 in file RK_Moteur.s
      At line 40 in file RK_Moteur.s

PWM0CMPA 40028058

Symbol: PWM0CMPA
   Definitions
      At line 49 in file RK_Moteur.s
   Uses
      At line 162 in file RK_Moteur.s
Comment: PWM0CMPA used once
PWM0CMPB 4002805C

Symbol: PWM0CMPB
   Definitions
      At line 50 in file RK_Moteur.s
   Uses
      At line 166 in file RK_Moteur.s
Comment: PWM0CMPB used once
PWM0CTL 40028040

Symbol: PWM0CTL
   Definitions
      At line 47 in file RK_Moteur.s
   Uses
      At line 142 in file RK_Moteur.s
      At line 171 in file RK_Moteur.s

PWM0GENA 40028060

Symbol: PWM0GENA
   Definitions
      At line 51 in file RK_Moteur.s
   Uses
      At line 146 in file RK_Moteur.s
Comment: PWM0GENA used once
PWM0GENB 40028064

Symbol: PWM0GENB
   Definitions
      At line 52 in file RK_Moteur.s
   Uses
      At line 151 in file RK_Moteur.s
Comment: PWM0GENB used once
PWM0LOAD 40028050

Symbol: PWM0LOAD
   Definitions
      At line 48 in file RK_Moteur.s
   Uses
      At line 158 in file RK_Moteur.s
Comment: PWM0LOAD used once
PWM1CMPA 40028098

Symbol: PWM1CMPA
   Definitions



ARM Macro Assembler    Page 5 Alphabetic symbol ordering
Absolute symbols

      At line 57 in file RK_Moteur.s
   Uses
      At line 201 in file RK_Moteur.s
Comment: PWM1CMPA used once
PWM1CMPB 4002809C

Symbol: PWM1CMPB
   Definitions
      At line 58 in file RK_Moteur.s
   Uses
      At line 205 in file RK_Moteur.s
Comment: PWM1CMPB used once
PWM1CTL 40028080

Symbol: PWM1CTL
   Definitions
      At line 55 in file RK_Moteur.s
   Uses
      At line 179 in file RK_Moteur.s
      At line 210 in file RK_Moteur.s

PWM1GENA 400280A0

Symbol: PWM1GENA
   Definitions
      At line 59 in file RK_Moteur.s
   Uses
      At line 183 in file RK_Moteur.s
Comment: PWM1GENA used once
PWM1GENB 400280A4

Symbol: PWM1GENB
   Definitions
      At line 60 in file RK_Moteur.s
   Uses
      At line 189 in file RK_Moteur.s
Comment: PWM1GENB used once
PWM1LOAD 40028090

Symbol: PWM1LOAD
   Definitions
      At line 56 in file RK_Moteur.s
   Uses
      At line 197 in file RK_Moteur.s
Comment: PWM1LOAD used once
PWMENABLE 40028008

Symbol: PWMENABLE
   Definitions
      At line 44 in file RK_Moteur.s
   Uses
      At line 261 in file RK_Moteur.s
      At line 268 in file RK_Moteur.s
      At line 275 in file RK_Moteur.s
      At line 282 in file RK_Moteur.s

PWM_BASE 40028000

Symbol: PWM_BASE



ARM Macro Assembler    Page 6 Alphabetic symbol ordering
Absolute symbols

   Definitions
      At line 43 in file RK_Moteur.s
   Uses
      At line 44 in file RK_Moteur.s
      At line 47 in file RK_Moteur.s
      At line 48 in file RK_Moteur.s
      At line 49 in file RK_Moteur.s
      At line 50 in file RK_Moteur.s
      At line 51 in file RK_Moteur.s
      At line 52 in file RK_Moteur.s
      At line 55 in file RK_Moteur.s
      At line 56 in file RK_Moteur.s
      At line 57 in file RK_Moteur.s
      At line 58 in file RK_Moteur.s
      At line 59 in file RK_Moteur.s
      At line 60 in file RK_Moteur.s

SYSCTL_RCGC0 400FE100

Symbol: SYSCTL_RCGC0
   Definitions
      At line 22 in file RK_Moteur.s
   Uses
      At line 86 in file RK_Moteur.s
Comment: SYSCTL_RCGC0 used once
SYSCTL_RCGC2 400FE108

Symbol: SYSCTL_RCGC2
   Definitions
      At line 23 in file RK_Moteur.s
   Uses
      At line 96 in file RK_Moteur.s
      At line 102 in file RK_Moteur.s

VITESSE 00000172

Symbol: VITESSE
   Definitions
      At line 63 in file RK_Moteur.s
   Uses
      At line 82 in file RK_Moteur.s
Comment: VITESSE used once
35 symbols
384 symbols in table
