


ARM Macro Assembler    Page 1 


    1 00000000         ; This register controls the clock gating logic in norma
                       l Run mode
    2 00000000 400FE108 
                       SYSCTL_PERIPH_GPIO
                               EQU              0x400FE108  ; SYSCTL_RCGC2_R (p
                                                            291 datasheet de lm
                                                            3s9b92.pdf)
    3 00000000         
    4 00000000         ; The GPIODATA register is the data register
    5 00000000 40007000 
                       GPIO_PORTD_BASE
                               EQU              0x40007000  ; GPIO Port D (APB)
                                                             base: 0x4000.7000 
                                                            (p416 datasheet de 
                                                            lm3s9B92.pdf
    6 00000000         
    7 00000000         ; configure the corresponding pin to be an output
    8 00000000         ; all GPIO pins are inputs by default
    9 00000000 00000400 
                       GPIO_O_DIR
                               EQU              0x00000400  ; GPIO Direction (p
                                                            417 datasheet de lm
                                                            3s9B92.pdf)
   10 00000000         
   11 00000000         ; The GPIODR2R register is the 2-mA drive control regist
                       er
   12 00000000         ; By default, all GPIO pins have 2-mA drive.
   13 00000000 00000500 
                       GPIO_O_DR2R
                               EQU              0x00000500  ; GPIO 2-mA Drive S
                                                            elect (p428 datashe
                                                            et de lm3s9B92.pdf)
                                                            
   14 00000000         
   15 00000000         ; Digital enable register
   16 00000000         ; To use the pin as a digital input or output, the corre
                       sponding GPIODEN bit must be set.
   17 00000000 0000051C 
                       GPIO_O_DEN
                               EQU              0x0000051C  ; GPIO Digital Enab
                                                            le (p437 datasheet 
                                                            de lm3s9B92.pdf)
   18 00000000         
   19 00000000         ; Pul_up
   20 00000000 00000510 
                       GPIO_I_PUR
                               EQU              0x00000510  ; GPIO Digital Enab
                                                            le (p437 datasheet 
                                                            de lm3s9B92.pdf)
   21 00000000         
   22 00000000         ; Adresse des Broches
   23 00000000         
   24 00000000 00000040 
                       BOUTTON_DROIT
                               EQU              0x40
   25 00000000         
   26 00000000 00000080 
                       BOUTTON_GAUCHE
                               EQU              0x80



ARM Macro Assembler    Page 2 


   27 00000000         
   28 00000000 000000C0 
                       BOUTTON_TOUS
                               EQU              0xC0
   29 00000000         
   30 00000000 00000120 
                       VERIF   EQU              0x120
   31 00000000         
   32 00000000         
   33 00000000         ; Import
   34 00000000 002FFFFF 
                       DUREE   EQU              0x002FFFFF
   35 00000000         
   36 00000000         
   37 00000000                 AREA             |.text|, CODE, READONLY
   38 00000000                 ENTRY
   39 00000000         
   40 00000000         ;; The EXPORT command specifies that a symbol can be acc
                       essed by other shared objects or executables.
   41 00000000                 EXPORT           BOUTTON_INIT
   42 00000000                 EXPORT           BOUTTON_DROIT_VERIF
   43 00000000                 EXPORT           BOUTTON_GAUCHE_VERIF
   44 00000000         
   45 00000000                 IMPORT           MOTEUR_INIT
   46 00000000                 IMPORT           MOTEUR_DROIT_ON ; activer le mo
                                                            teur droit
   47 00000000                 IMPORT           MOTEUR_DROIT_OFF ; déactiver le
                                                             moteur droit
   48 00000000                 IMPORT           MOTEUR_DROIT_AVANT ; moteur dro
                                                            it tourne vers l'av
                                                            ant
   49 00000000                 IMPORT           MOTEUR_DROIT_ARRIERE ; moteur d
                                                            roit tourne vers l'
                                                            arrière
   50 00000000                 IMPORT           MOTEUR_DROIT_INVERSE ; inverse 
                                                            le sens de rotation
                                                             du moteur droit
   51 00000000         
   52 00000000                 IMPORT           MOTEUR_GAUCHE_ON ; activer le m
                                                            oteur gauche
   53 00000000                 IMPORT           MOTEUR_GAUCHE_OFF ; déactiver l
                                                            e moteur gauche
   54 00000000                 IMPORT           MOTEUR_GAUCHE_AVANT ; moteur ga
                                                            uche tourne vers l'
                                                            avant0
   55 00000000                 IMPORT           MOTEUR_GAUCHE_ARRIERE ; moteur 
                                                            gauche tourne vers 
                                                            l'arrière
   56 00000000                 IMPORT           MOTEUR_GAUCHE_INVERSE ; inverse
                                                             le sens de rotatio
                                                            n du moteur gauche
   57 00000000         
   58 00000000                 IMPORT           LED_DROIT_ON
   59 00000000                 IMPORT           LED_GAUCHE_ON
   60 00000000                 IMPORT           LED_GAUCHE_OFF
   61 00000000                 IMPORT           LED_DROIT_OFF
   62 00000000                 IMPORT           loop
   63 00000000                 IMPORT           wait1
   64 00000000         



ARM Macro Assembler    Page 3 


   65 00000000         BOUTTON_INIT
   66 00000000         ;; Mise en place de l'horloge
   67 00000000 F8DF 9084       ldr              r9, = SYSCTL_PERIPH_GPIO
   68 00000004 F8D9 0000       ldr              r0, [r9]
   69 00000008 F040 0028       ORR              r0, #0x00000028
   70 0000000C F8C9 0000       str              r0, [r9]
   71 00000010         
   72 00000010 BF00            nop
   73 00000012 BF00            nop
   74 00000014 BF00            nop
   75 00000016         
   76 00000016         
   77 00000016         
   78 00000016         
   79 00000016         ;^^^^^^^^^^^^^^^^^^^^^^^^^^^^^^CONFIGURATION Bouton 1 et
                        2
   80 00000016         
   81 00000016 F04F 00C0       ldr              r0, = BOUTTON_TOUS
   82 0000001A F8DF 9070       ldr              r9, = GPIO_PORTD_BASE+GPIO_I_PU
R
   83 0000001E F8C9 0000       str              r0, [r9]
   84 00000022         
   85 00000022 F8DF 906C       ldr              r9, = GPIO_PORTD_BASE+GPIO_O_DE
N
   86 00000026 F8C9 0000       str              r0, [r9]
   87 0000002A         
   88 0000002A F8DF 9068       ldr              r9, = GPIO_PORTD_BASE + (BOUTTO
N_TOUS<<2)
   89 0000002E         
   90 0000002E         ;ldr r9, = GPIO_PORTD_BASE + (BROCHE7<<2)
   91 0000002E         
   92 0000002E         ;vvvvvvvvvvvvvvvvvvvvvvvFin configuration Bouton
   93 0000002E         
   94 0000002E 4770            BX               LR
   95 00000030         
   96 00000030         ;Permet de savoir si le bouton est actif, si oui on renv
                       oi vers BOUTTON_DROIT_ACTIF
   97 00000030         BOUTTON_DROIT_VERIF
   98 00000030 F8D9 1000       ldr              r1,[r9]
   99 00000034 2980            CMP              r1,#BOUTTON_GAUCHE
  100 00000036 D011            BEQ              BOUTTON_DROIT_ACTIF
  101 00000038 F5B2 7F90       CMP              r2,#VERIF
  102 0000003C F04F 0200       MOV              r2,#0x0
  103 00000040 F43F AFFE       BEQ              wait1
  104 00000044 4770            BX               LR
  105 00000046         
  106 00000046         ;Permet de savoir si le bouton est actif, si oui on renv
                       oi vers BOUTTON_GAUCHE_ACTIF
  107 00000046         BOUTTON_GAUCHE_VERIF
  108 00000046 F8D9 1000       ldr              r1,[r9]
  109 0000004A 2940            CMP              r1,#BOUTTON_DROIT
  110 0000004C D011            BEQ              BOUTTON_GAUCHE_ACTIF
  111 0000004E F5B2 7F90       CMP              r2,#VERIF
  112 00000052 F04F 0200       MOV              r2,#0x0
  113 00000056 F43F AFFE       BEQ              wait1
  114 0000005A 4770            BX               LR
  115 0000005C         
  116 0000005C         ;Modifie le registre R11 qui gère la vitesse des moteurs
                       



ARM Macro Assembler    Page 4 


  117 0000005C         BOUTTON_DROIT_ACTIF
  118 0000005C F240 1B79       mov              r11,#0x179
  119 00000060 F44F 7290       MOV              r2,#0x120
  120 00000064 F7FF FFFE       BL               MOTEUR_INIT
  121 00000068 F7FF FFFE       BL               MOTEUR_DROIT_AVANT
  122 0000006C F7FF FFFE       BL               MOTEUR_GAUCHE_AVANT
  123 00000070 E7FE            B                BOUTTON_DROIT_VERIF
  124 00000072         
  125 00000072         ;Modifie le registre R11 qui gère la vitesse des moteurs
                        
  126 00000072         BOUTTON_GAUCHE_ACTIF
  127 00000072 F44F 7BB0       mov              r11,#0x160
  128 00000076 F44F 7290       MOV              r2,#0x120
  129 0000007A F7FF FFFE       BL               MOTEUR_INIT
  130 0000007E F7FF FFFE       BL               MOTEUR_DROIT_AVANT
  131 00000082 F7FF FFFE       BL               MOTEUR_GAUCHE_AVANT
  132 00000086 E7FE            B                BOUTTON_DROIT_VERIF
  133 00000088         
  134 00000088                 END
              400FE108 
              40007510 
              4000751C 
              40007300 
Command Line: --debug --xref --diag_suppress=9931 --cpu=Cortex-M3 --apcs=interw
ork --depend=.\config_bouton.d -o.\config_bouton.o -I.\RTE\_Target_1 -IC:\Keil_
v5\ARM\PACK\ARM\CMSIS\5.3.0\CMSIS\Include -IC:\Keil_v5\ARM\PACK\Keil\LM3S_DFP\1
.1.0\Device\Include --predefine="__EVAL SETA 1" --predefine="__MICROLIB SETA 1"
 --predefine="__UVISION_VERSION SETA 524" --predefine="_RTE_ SETA 1" --predefin
e="LM3S1968 SETA 1" --list=.\config_bouton.lst Config_bouton.s



ARM Macro Assembler    Page 1 Alphabetic symbol ordering
Relocatable symbols

.text 00000000

Symbol: .text
   Definitions
      At line 37 in file Config_bouton.s
   Uses
      None
Comment: .text unused
BOUTTON_DROIT_ACTIF 0000005C

Symbol: BOUTTON_DROIT_ACTIF
   Definitions
      At line 117 in file Config_bouton.s
   Uses
      At line 100 in file Config_bouton.s
Comment: BOUTTON_DROIT_ACTIF used once
BOUTTON_DROIT_VERIF 00000030

Symbol: BOUTTON_DROIT_VERIF
   Definitions
      At line 97 in file Config_bouton.s
   Uses
      At line 42 in file Config_bouton.s
      At line 123 in file Config_bouton.s
      At line 132 in file Config_bouton.s

BOUTTON_GAUCHE_ACTIF 00000072

Symbol: BOUTTON_GAUCHE_ACTIF
   Definitions
      At line 126 in file Config_bouton.s
   Uses
      At line 110 in file Config_bouton.s
Comment: BOUTTON_GAUCHE_ACTIF used once
BOUTTON_GAUCHE_VERIF 00000046

Symbol: BOUTTON_GAUCHE_VERIF
   Definitions
      At line 107 in file Config_bouton.s
   Uses
      At line 43 in file Config_bouton.s
Comment: BOUTTON_GAUCHE_VERIF used once
BOUTTON_INIT 00000000

Symbol: BOUTTON_INIT
   Definitions
      At line 65 in file Config_bouton.s
   Uses
      At line 41 in file Config_bouton.s
Comment: BOUTTON_INIT used once
6 symbols



ARM Macro Assembler    Page 1 Alphabetic symbol ordering
Absolute symbols

BOUTTON_DROIT 00000040

Symbol: BOUTTON_DROIT
   Definitions
      At line 24 in file Config_bouton.s
   Uses
      At line 109 in file Config_bouton.s
Comment: BOUTTON_DROIT used once
BOUTTON_GAUCHE 00000080

Symbol: BOUTTON_GAUCHE
   Definitions
      At line 26 in file Config_bouton.s
   Uses
      At line 99 in file Config_bouton.s
Comment: BOUTTON_GAUCHE used once
BOUTTON_TOUS 000000C0

Symbol: BOUTTON_TOUS
   Definitions
      At line 28 in file Config_bouton.s
   Uses
      At line 81 in file Config_bouton.s
      At line 88 in file Config_bouton.s

DUREE 002FFFFF

Symbol: DUREE
   Definitions
      At line 34 in file Config_bouton.s
   Uses
      None
Comment: DUREE unused
GPIO_I_PUR 00000510

Symbol: GPIO_I_PUR
   Definitions
      At line 20 in file Config_bouton.s
   Uses
      At line 82 in file Config_bouton.s
Comment: GPIO_I_PUR used once
GPIO_O_DEN 0000051C

Symbol: GPIO_O_DEN
   Definitions
      At line 17 in file Config_bouton.s
   Uses
      At line 85 in file Config_bouton.s
Comment: GPIO_O_DEN used once
GPIO_O_DIR 00000400

Symbol: GPIO_O_DIR
   Definitions
      At line 9 in file Config_bouton.s
   Uses
      None
Comment: GPIO_O_DIR unused
GPIO_O_DR2R 00000500




ARM Macro Assembler    Page 2 Alphabetic symbol ordering
Absolute symbols

Symbol: GPIO_O_DR2R
   Definitions
      At line 13 in file Config_bouton.s
   Uses
      None
Comment: GPIO_O_DR2R unused
GPIO_PORTD_BASE 40007000

Symbol: GPIO_PORTD_BASE
   Definitions
      At line 5 in file Config_bouton.s
   Uses
      At line 82 in file Config_bouton.s
      At line 85 in file Config_bouton.s
      At line 88 in file Config_bouton.s

SYSCTL_PERIPH_GPIO 400FE108

Symbol: SYSCTL_PERIPH_GPIO
   Definitions
      At line 2 in file Config_bouton.s
   Uses
      At line 67 in file Config_bouton.s
Comment: SYSCTL_PERIPH_GPIO used once
VERIF 00000120

Symbol: VERIF
   Definitions
      At line 30 in file Config_bouton.s
   Uses
      At line 101 in file Config_bouton.s
      At line 111 in file Config_bouton.s

11 symbols



ARM Macro Assembler    Page 1 Alphabetic symbol ordering
External symbols

LED_DROIT_OFF 00000000

Symbol: LED_DROIT_OFF
   Definitions
      At line 61 in file Config_bouton.s
   Uses
      None
Comment: LED_DROIT_OFF unused
LED_DROIT_ON 00000000

Symbol: LED_DROIT_ON
   Definitions
      At line 58 in file Config_bouton.s
   Uses
      None
Comment: LED_DROIT_ON unused
LED_GAUCHE_OFF 00000000

Symbol: LED_GAUCHE_OFF
   Definitions
      At line 60 in file Config_bouton.s
   Uses
      None
Comment: LED_GAUCHE_OFF unused
LED_GAUCHE_ON 00000000

Symbol: LED_GAUCHE_ON
   Definitions
      At line 59 in file Config_bouton.s
   Uses
      None
Comment: LED_GAUCHE_ON unused
MOTEUR_DROIT_ARRIERE 00000000

Symbol: MOTEUR_DROIT_ARRIERE
   Definitions
      At line 49 in file Config_bouton.s
   Uses
      None
Comment: MOTEUR_DROIT_ARRIERE unused
MOTEUR_DROIT_AVANT 00000000

Symbol: MOTEUR_DROIT_AVANT
   Definitions
      At line 48 in file Config_bouton.s
   Uses
      At line 121 in file Config_bouton.s
      At line 130 in file Config_bouton.s

MOTEUR_DROIT_INVERSE 00000000

Symbol: MOTEUR_DROIT_INVERSE
   Definitions
      At line 50 in file Config_bouton.s
   Uses
      None
Comment: MOTEUR_DROIT_INVERSE unused
MOTEUR_DROIT_OFF 00000000




ARM Macro Assembler    Page 2 Alphabetic symbol ordering
External symbols

Symbol: MOTEUR_DROIT_OFF
   Definitions
      At line 47 in file Config_bouton.s
   Uses
      None
Comment: MOTEUR_DROIT_OFF unused
MOTEUR_DROIT_ON 00000000

Symbol: MOTEUR_DROIT_ON
   Definitions
      At line 46 in file Config_bouton.s
   Uses
      None
Comment: MOTEUR_DROIT_ON unused
MOTEUR_GAUCHE_ARRIERE 00000000

Symbol: MOTEUR_GAUCHE_ARRIERE
   Definitions
      At line 55 in file Config_bouton.s
   Uses
      None
Comment: MOTEUR_GAUCHE_ARRIERE unused
MOTEUR_GAUCHE_AVANT 00000000

Symbol: MOTEUR_GAUCHE_AVANT
   Definitions
      At line 54 in file Config_bouton.s
   Uses
      At line 122 in file Config_bouton.s
      At line 131 in file Config_bouton.s

MOTEUR_GAUCHE_INVERSE 00000000

Symbol: MOTEUR_GAUCHE_INVERSE
   Definitions
      At line 56 in file Config_bouton.s
   Uses
      None
Comment: MOTEUR_GAUCHE_INVERSE unused
MOTEUR_GAUCHE_OFF 00000000

Symbol: MOTEUR_GAUCHE_OFF
   Definitions
      At line 53 in file Config_bouton.s
   Uses
      None
Comment: MOTEUR_GAUCHE_OFF unused
MOTEUR_GAUCHE_ON 00000000

Symbol: MOTEUR_GAUCHE_ON
   Definitions
      At line 52 in file Config_bouton.s
   Uses
      None
Comment: MOTEUR_GAUCHE_ON unused
MOTEUR_INIT 00000000

Symbol: MOTEUR_INIT
   Definitions



ARM Macro Assembler    Page 3 Alphabetic symbol ordering
External symbols

      At line 45 in file Config_bouton.s
   Uses
      At line 120 in file Config_bouton.s
      At line 129 in file Config_bouton.s

loop 00000000

Symbol: loop
   Definitions
      At line 62 in file Config_bouton.s
   Uses
      None
Comment: loop unused
wait1 00000000

Symbol: wait1
   Definitions
      At line 63 in file Config_bouton.s
   Uses
      At line 103 in file Config_bouton.s
      At line 113 in file Config_bouton.s

17 symbols
371 symbols in table
